<?xml version="1.0" encoding="UTF-8"?>
<!-- Generated by org.testng.reporters.JUnitReportReporter -->
<testsuite skipped="1" hostname="HP-Zafar-2021" name="day1.PositiveTest" tests="5" failures="0" timestamp="09 Nov 2021 09:58:01 GMT" time="3.660" errors="0">
  <testcase name="updateContact" time="0.515" classname="day1.PositiveTest"/>
  <testcase name="deleteSpecificContact" time="0.526" classname="day1.PositiveTest"/>
  <testcase name="addContact" time="2.060" classname="day1.PositiveTest"/>
  <testcase name="getSpecificContact" time="0.559" classname="day1.PositiveTest"/>
  <testcase name="getAllContactList" classname="day1.PositiveTest">
    <skipped/>
  </testcase> <!-- getAllContactList -->
</testsuite> <!-- day1.PositiveTest -->
