<?xml version="1.0" encoding="UTF-8"?>
<!-- Generated by org.testng.reporters.JUnitReportReporter -->
<testsuite skipped="2" hostname="HP-Zafar-2021" name="day1.OpenWeatherApi" tests="3" failures="0" timestamp="09 Nov 2021 07:01:19 GMT" time="1.841" errors="0">
  <testcase name="getWeatherInfo3" time="1.841" classname="day1.OpenWeatherApi"/>
  <testcase name="getWeatherInfo" classname="day1.OpenWeatherApi">
    <skipped/>
  </testcase> <!-- getWeatherInfo -->
  <testcase name="getWeatherInfo2" classname="day1.OpenWeatherApi">
    <skipped/>
  </testcase> <!-- getWeatherInfo2 -->
</testsuite> <!-- day1.OpenWeatherApi -->
